<?xml version="1.0" encoding="utf-8"?><testsuites name="pytest tests"><testsuite name="pytest" errors="0" failures="0" skipped="0" tests="17" time="9.306" timestamp="2026-08-17T01:06:56.068666+00:00" hostname="agent-env-26de1256-368b-4236-8944-cffbc84b2092"><testcase classname="tests.test_users_expenses_approval.TestExpenseApproval" name="test_admin_can_approve_expense" time="1.337" /><testcase classname="tests.test_users_expenses_approval.TestUserAdmin" name="test_list_users_admin_only" time="1.231" /><testcase classname="tests.test_users_expenses_approval.TestUserAdmin" name="test_create_user_and_login" time="0.760" /><testcase classname="tests.test_users_expenses_approval.TestExpenseApproval" name="test_admin_can_reject" time="0.379" /><testcase classname="tests.test_users_expenses_approval.TestUserAdmin" name="test_signup_then_approve_flow" time="1.518" /><testcase classname="tests.test_users_expenses_approval.TestExpenseApproval" name="test_driver_forbidden_to_patch_expense" time="0.926" /><testcase classname="tests.test_users_expenses_approval.TestExpenseApproval" name="test_patch_nonexistent" time="0.289" /><testcase classname="tests.test_users_expenses_approval.TestSignupFlow" name="test_signup_creates_pending_user" time="1.356" /><testcase classname="tests.test_users_expenses_approval.TestUserAdmin" name="test_reject_flow" time="1.153" /><testcase classname="tests.test_users_expenses_approval.TestSignupFlow" name="test_signup_duplicate_email" time="0.109" /><testcase classname="tests.test_users_expenses_approval.TestSignupFlow" name="test_signup_weak_password" time="0.265" /><testcase classname="tests.test_users_expenses_approval.TestUserAdmin" name="test_reset_password" time="1.610" /><testcase classname="tests.test_users_expenses_approval.TestActivity" name="test_activity_admin_only" time="0.091" /><testcase classname="tests.test_users_expenses_approval.TestActivity" name="test_activity_records_signup_and_approval" time="1.868" /><testcase classname="tests.test_users_expenses_approval.TestUserAdmin" name="test_update_role_and_active" time="0.823" /><testcase classname="tests.test_users_expenses_approval.TestUserAdmin" name="test_delete_user" time="0.558" /><testcase classname="tests.test_users_expenses_approval.TestUserAdmin" name="test_cannot_delete_self" time="1.106" /></testsuite></testsuites>