<?xml version="1.0" encoding="utf-8"?><testsuites name="pytest tests"><testsuite name="pytest" errors="0" failures="0" skipped="0" tests="4" time="1.982" timestamp="2026-08-17T01:10:11.015177+00:00" hostname="agent-env-26de1256-368b-4236-8944-cffbc84b2092"><testcase classname="tests.test_patch_preserve_fields.TestExpensePatchPreservesAmount" name="test_approve_preserves_amount_and_other_fields" time="0.910" /><testcase classname="tests.test_patch_preserve_fields.TestDeliveryPatchPreservesFields" name="test_status_update_preserves_value_qty_customer" time="0.973" /><testcase classname="tests.test_patch_preserve_fields.TestExpensePatchPreservesAmount" name="test_reject_preserves_amount" time="0.246" /><testcase classname="tests.test_patch_preserve_fields.TestActivityLog" name="test_expense_approved_logged" time="0.350" /></testsuite></testsuites>