<?xml version="1.0" encoding="utf-8"?><testsuites name="pytest tests"><testsuite name="pytest" errors="0" failures="0" skipped="0" tests="8" time="4.098" timestamp="2026-08-17T01:15:37.096829+00:00" hostname="agent-env-26de1256-368b-4236-8944-cffbc84b2092"><testcase classname="tests.test_notifications_closing.TestDailyClosing" name="test_driver_forbidden" time="0.683" /><testcase classname="tests.test_notifications_closing.TestNotifications" name="test_admin_notifications_shape" time="0.737" /><testcase classname="tests.test_notifications_closing.TestDailyClosing" name="test_admin_default_today" time="0.555" /><testcase classname="tests.test_notifications_closing.TestNotifications" name="test_driver_gets_zeros" time="0.546" /><testcase classname="tests.test_notifications_closing.TestDailyClosing" name="test_admin_specific_date_shape" time="0.840" /><testcase classname="tests.test_notifications_closing.TestNotifications" name="test_signup_increases_pending_users" time="2.329" /><testcase classname="tests.test_notifications_closing.TestDailyClosing" name="test_totals_match_rows" time="0.387" /><testcase classname="tests.test_notifications_closing.TestDailyClosing" name="test_unauthenticated_blocked" time="0.123" /></testsuite></testsuites>