<?xml version="1.0" encoding="utf-8"?><testsuites name="pytest tests"><testsuite name="pytest" errors="0" failures="0" skipped="0" tests="5" time="2.306" timestamp="2026-08-17T00:33:03.234343+00:00" hostname="agent-env-26de1256-368b-4236-8944-cffbc84b2092"><testcase classname="tests.test_hydroflow_review" name="test_admin_me" time="0.571" /><testcase classname="tests.test_hydroflow_review" name="test_driver_me" time="0.441" /><testcase classname="tests.test_hydroflow_review" name="test_dashboard" time="0.108" /><testcase classname="tests.test_hydroflow_review" name="test_delivery_status_update" time="0.352" /><testcase classname="tests.test_hydroflow_review" name="test_resources" time="0.306" /></testsuite></testsuites>